04-04-2025 12:49:45.0320 [main] INFO  com.zoodel.generic_android.ExtentReport_Android - Report path is ./src/main/resources/Suite Report/Suite Name Report.html
04-04-2025 12:49:45.0407 [main] INFO  Login.LoginToZoodAppTest - Starting server
04-04-2025 12:49:47.0945 [main] INFO  Login.LoginToZoodAppTest - [38;5;112m[Appium][0m Welcome to Appium v2.12.1
04-04-2025 12:49:47.0952 [main] INFO  Login.LoginToZoodAppTest - [38;5;112m[Appium][0m Non-default server args:
04-04-2025 12:49:47.0954 [main] INFO  Login.LoginToZoodAppTest - [38;5;112m[Appium][0m { basePath: [32m'wd/hub'[39m }
04-04-2025 12:49:47.0955 [main] INFO  Login.LoginToZoodAppTest - [38;5;112m[Appium][0m The autodetected Appium home path: C:\Users\ER\.appium
04-04-2025 12:49:47.0958 [main] INFO  Login.LoginToZoodAppTest - [38;5;112m[Appium][0m Attempting to load driver uiautomator2...
04-04-2025 12:49:47.0962 [main] INFO  Login.LoginToZoodAppTest - [38;5;112m[Appium][0m Requiring driver at C:\Users\ER\.appium\node_modules\appium-uiautomator2-driver\build\index.js
04-04-2025 12:49:49.0544 [main] INFO  Login.LoginToZoodAppTest - [38;5;112m[Appium][0m AndroidUiautomator2Driver has been successfully loaded in 1.585s
04-04-2025 12:49:49.0544 [main] INFO  Login.LoginToZoodAppTest - Appium server started
04-04-2025 12:50:00.0099 [main] INFO  Login.LoginToZoodAppTest - Android driver launched successfully
04-04-2025 12:50:00.0175 [main] INFO  Login.LoginToZoodAppTest - Application launched successfully
04-04-2025 12:50:06.0084 [main] INFO  Login.LoginToZoodAppTest - Navigated to Country screen
04-04-2025 12:50:06.0938 [main] INFO  Login.LoginToZoodAppTest - Clicked on Continue button
04-04-2025 12:50:08.0010 [main] INFO  Login.LoginToZoodAppTest - Language selected and navigated to Educational screen
04-04-2025 12:50:09.0601 [main] INFO  Login.LoginToZoodAppTest - Navigated to home screen
04-04-2025 12:50:13.0626 [main] INFO  Login.LoginToZoodAppTest - Closed the App Launch Banner
04-04-2025 12:50:15.0440 [main] INFO  Login.LoginToZoodAppTest - Navigated to account screen
04-04-2025 12:50:15.0441 [main] INFO  Login.LoginToZoodAppTest - Navigated to Login screen
04-04-2025 12:50:35.0253 [main] INFO  Login.LoginToZoodAppTest - Logged in successfully
04-04-2025 12:50:35.0825 [main] INFO  Login.LoginToZoodAppTest - Start to execute 2nd test cases
04-04-2025 12:50:35.0826 [main] INFO  Login.LoginToZoodAppTest - Logout function start to executed
04-04-2025 12:50:51.0639 [main] INFO  Login.LoginToZoodAppTest - Navigated to Account screen
04-04-2025 12:50:54.0987 [main] INFO  Login.LoginToZoodAppTest - Navigated to Account Setting screen
04-04-2025 12:51:25.0614 [main] INFO  Login.LoginToZoodAppTest - Start to execute 2nd test cases
04-04-2025 12:51:25.0616 [main] INFO  Login.LoginToZoodAppTest - Logout function start to executed
04-04-2025 12:53:26.0463 [main] INFO  Login.LoginToZoodAppTest - Start to execute 2nd test cases
04-04-2025 12:53:26.0464 [main] INFO  Login.LoginToZoodAppTest - Logout function start to executed
04-04-2025 12:55:27.0468 [main] INFO  com.zoodel.generic_android.ExtentReport_Android - Report flushed successfully
04-04-2025 12:56:15.0996 [main] INFO  Login.LoginToZoodAppTest - Starting server
04-04-2025 12:56:18.0930 [main] INFO  Login.LoginToZoodAppTest - [38;5;112m[Appium][0m Welcome to Appium v2.12.1
04-04-2025 12:56:18.0935 [main] INFO  Login.LoginToZoodAppTest - [38;5;112m[Appium][0m Non-default server args:
04-04-2025 12:56:18.0937 [main] INFO  Login.LoginToZoodAppTest - [38;5;112m[Appium][0m { basePath: [32m'wd/hub'[39m }
04-04-2025 12:56:18.0938 [main] INFO  Login.LoginToZoodAppTest - [38;5;112m[Appium][0m The autodetected Appium home path: C:\Users\ER\.appium
04-04-2025 12:56:18.0940 [main] INFO  Login.LoginToZoodAppTest - [38;5;112m[Appium][0m Attempting to load driver uiautomator2...
04-04-2025 12:56:18.0943 [main] INFO  Login.LoginToZoodAppTest - [38;5;112m[Appium][0m Requiring driver at C:\Users\ER\.appium\node_modules\appium-uiautomator2-driver\build\index.js
04-04-2025 12:56:20.0808 [main] INFO  Login.LoginToZoodAppTest - [38;5;112m[Appium][0m AndroidUiautomator2Driver has been successfully loaded in 1.866s
04-04-2025 12:56:20.0808 [main] INFO  Login.LoginToZoodAppTest - Appium server started
04-04-2025 12:56:51.0748 [main] INFO  Login.LoginToZoodAppTest - Android driver launched successfully
04-04-2025 12:56:51.0814 [main] INFO  Login.LoginToZoodAppTest - Application launched successfully
04-04-2025 12:56:58.0033 [main] INFO  Login.LoginToZoodAppTest - Navigated to Country screen
04-04-2025 12:56:58.0899 [main] INFO  Login.LoginToZoodAppTest - Clicked on Continue button
04-04-2025 12:57:00.0456 [main] INFO  Login.LoginToZoodAppTest - Language selected and navigated to Educational screen
04-04-2025 12:57:02.0006 [main] INFO  Login.LoginToZoodAppTest - Navigated to home screen
04-04-2025 12:57:09.0466 [main] INFO  Login.LoginToZoodAppTest - Closed the App Launch Banner
04-04-2025 12:57:11.0774 [main] INFO  Login.LoginToZoodAppTest - Navigated to account screen
04-04-2025 12:57:11.0774 [main] INFO  Login.LoginToZoodAppTest - Navigated to Login screen
04-04-2025 12:57:34.0202 [main] INFO  Login.LoginToZoodAppTest - Logged in successfully
04-04-2025 12:57:34.0239 [main] INFO  Login.LoginToZoodAppTest - Start to execute 2nd test cases
04-04-2025 12:57:34.0240 [main] INFO  Login.LoginToZoodAppTest - Logout function start to executed
04-04-2025 12:57:50.0480 [main] INFO  Login.LoginToZoodAppTest - Navigated to Account screen
04-04-2025 12:57:55.0179 [main] INFO  Login.LoginToZoodAppTest - Navigated to Account Setting screen
04-04-2025 01:00:43.0753 [main] INFO  Login.LoginToZoodAppTest - Starting server
04-04-2025 01:00:46.0200 [main] INFO  Login.LoginToZoodAppTest - [38;5;112m[Appium][0m Welcome to Appium v2.12.1
04-04-2025 01:00:46.0203 [main] INFO  Login.LoginToZoodAppTest - [38;5;112m[Appium][0m Non-default server args:
04-04-2025 01:00:46.0204 [main] INFO  Login.LoginToZoodAppTest - [38;5;112m[Appium][0m { basePath: [32m'wd/hub'[39m }
04-04-2025 01:00:46.0205 [main] INFO  Login.LoginToZoodAppTest - [38;5;112m[Appium][0m The autodetected Appium home path: C:\Users\ER\.appium
04-04-2025 01:00:46.0205 [main] INFO  Login.LoginToZoodAppTest - [38;5;112m[Appium][0m Attempting to load driver uiautomator2...
04-04-2025 01:00:46.0208 [main] INFO  Login.LoginToZoodAppTest - [38;5;112m[Appium][0m Requiring driver at C:\Users\ER\.appium\node_modules\appium-uiautomator2-driver\build\index.js
04-04-2025 01:00:47.0697 [main] INFO  Login.LoginToZoodAppTest - [38;5;112m[Appium][0m AndroidUiautomator2Driver has been successfully loaded in 1.490s
04-04-2025 01:00:47.0697 [main] INFO  Login.LoginToZoodAppTest - Appium server started
04-04-2025 01:00:58.0324 [main] INFO  Login.LoginToZoodAppTest - Android driver launched successfully
04-04-2025 01:00:58.0402 [main] INFO  Login.LoginToZoodAppTest - Application launched successfully
04-04-2025 01:01:04.0339 [main] INFO  Login.LoginToZoodAppTest - Navigated to Country screen
04-04-2025 01:01:05.0259 [main] INFO  Login.LoginToZoodAppTest - Clicked on Continue button
04-04-2025 01:01:06.0251 [main] INFO  Login.LoginToZoodAppTest - Language selected and navigated to Educational screen
04-04-2025 01:01:07.0795 [main] INFO  Login.LoginToZoodAppTest - Navigated to home screen
04-04-2025 01:01:12.0149 [main] INFO  Login.LoginToZoodAppTest - Closed the App Launch Banner
04-04-2025 01:01:14.0644 [main] INFO  Login.LoginToZoodAppTest - Navigated to account screen
04-04-2025 01:01:14.0645 [main] INFO  Login.LoginToZoodAppTest - Navigated to Login screen
04-04-2025 01:01:40.0566 [main] INFO  Login.LoginToZoodAppTest - Logged in successfully
04-04-2025 01:01:40.0599 [main] INFO  Login.LoginToZoodAppTest - Start to execute 2nd test cases
04-04-2025 01:01:40.0599 [main] INFO  Login.LoginToZoodAppTest - Logout function start to executed
04-04-2025 01:01:57.0133 [main] INFO  Login.LoginToZoodAppTest - Navigated to Account screen
04-04-2025 01:02:24.0994 [main] INFO  Login.LoginToZoodAppTest - Navigated to Account Setting screen
04-04-2025 01:02:24.0995 [main] INFO  Login.LoginToZoodAppTest - Searching for element
04-04-2025 01:02:55.0131 [main] INFO  Login.LoginToZoodAppTest - Element Not found, swipe started
04-04-2025 01:02:55.0546 [main] INFO  Login.LoginToZoodAppTest - Searching for element
04-04-2025 01:02:56.0006 [main] INFO  Login.LoginToZoodAppTest - Element found
04-04-2025 01:03:00.0323 [main] INFO  Login.LoginToZoodAppTest - Navigated to Home screen
04-04-2025 01:05:04.0426 [main] INFO  Login.LoginToZoodAppTest - Starting server
04-04-2025 01:05:07.0135 [main] INFO  Login.LoginToZoodAppTest - [38;5;112m[Appium][0m Welcome to Appium v2.12.1
04-04-2025 01:05:07.0139 [main] INFO  Login.LoginToZoodAppTest - [38;5;112m[Appium][0m Non-default server args:
04-04-2025 01:05:07.0140 [main] INFO  Login.LoginToZoodAppTest - [38;5;112m[Appium][0m { basePath: [32m'wd/hub'[39m }
04-04-2025 01:05:07.0142 [main] INFO  Login.LoginToZoodAppTest - [38;5;112m[Appium][0m The autodetected Appium home path: C:\Users\ER\.appium
04-04-2025 01:05:07.0142 [main] INFO  Login.LoginToZoodAppTest - [38;5;112m[Appium][0m Attempting to load driver uiautomator2...
04-04-2025 01:05:07.0145 [main] INFO  Login.LoginToZoodAppTest - [38;5;112m[Appium][0m Requiring driver at C:\Users\ER\.appium\node_modules\appium-uiautomator2-driver\build\index.js
04-04-2025 01:05:08.0707 [main] INFO  Login.LoginToZoodAppTest - [38;5;112m[Appium][0m AndroidUiautomator2Driver has been successfully loaded in 1.565s
04-04-2025 01:05:08.0709 [main] INFO  Login.LoginToZoodAppTest - Appium server started
